2021-03-30 00:48:02,081 - Клиент подключился к серверу
2021-03-30 00:48:02,084 - Изображение отправлено
2021-03-30 00:48:02,085 - Завершение работы
2021-03-30 00:49:05,600 - Клиент подключился к серверу
2021-03-30 00:49:46,372 - Изображение отправлено
2021-03-30 00:49:48,351 - Завершение работы
2021-03-30 00:58:41,731 - Клиент подключился к серверу
2021-03-30 00:59:53,259 - Клиент подключился к серверу
2021-03-30 00:59:53,260 - Открыт файл:image/foto.jpg
2021-03-30 00:59:53,262 - Изображение отправлено
2021-03-30 00:59:53,262 - Завершение работы
2021-03-30 23:33:24,301 - Клиент подключился к серверу
2021-03-30 23:33:24,302 - Открыт файл:image/foto.jpg
2021-03-30 23:33:24,303 - Изображение отправлено
2021-03-30 23:33:24,303 - Завершение работы
2021-03-31 00:08:09,158 - Поднят контекст SSL
2021-03-31 00:08:09,168 - Клиент подключился к серверу
2021-03-31 00:08:09,168 - Открыт файл:image/foto.jpg
2021-03-31 00:08:09,169 - Изображение отправлено
2021-03-31 00:08:09,169 - Завершение работы
2021-03-31 00:37:19,365 - Поднят контекст SSL
2021-03-31 00:37:19,377 - Клиент подключился к серверу
2021-03-31 00:37:19,378 - Открыт файл:image/foto.jpg
2021-03-31 00:37:19,379 - Изображение отправлено
2021-03-31 00:37:19,379 - Завершение работы
2021-03-31 00:37:44,926 - Поднят контекст SSL
2021-03-31 00:37:44,933 - Клиент подключился к серверу
2021-03-31 00:37:44,933 - Открыт файл:image/foto.jpg
2021-03-31 00:37:44,933 - Изображение отправлено
2021-03-31 00:37:44,933 - Завершение работы
2021-03-31 01:00:26,185 - Поднят контекст SSL
2021-03-31 01:00:26,199 - Клиент подключился к серверу
2021-03-31 01:00:26,199 - Открыт файл:image/foto.jpg
2021-03-31 01:00:26,200 - Изображение отправлено
2021-03-31 01:00:26,200 - Завершение работы
